[2024-05-14 13:15:40] local.ERROR: Class "App\Http\Controllers\Admin\ReportController" does not exist {"exception":"[object] (ReflectionException(code: -1): Class \"App\\Http\\Controllers\\Admin\\ReportController\" does not exist at /var/www/html/laravel/bod/vendor/laravel/framework/src/Illuminate/Foundation/Console/RouteListCommand.php:223)
[stacktrace]
#0 /var/www/html/laravel/bod/vendor/laravel/framework/src/Illuminate/Foundation/Console/RouteListCommand.php(223): ReflectionClass->__construct()
#1 /var/www/html/laravel/bod/vendor/laravel/framework/src/Illuminate/Foundation/Console/RouteListCommand.php(145): Illuminate\\Foundation\\Console\\RouteListCommand->isVendorRoute()
#2 /var/www/html/laravel/bod/vendor/laravel/framework/src/Illuminate/Foundation/Console/RouteListCommand.php(114): Illuminate\\Foundation\\Console\\RouteListCommand->getRouteInformation()
#3 [internal function]: Illuminate\\Foundation\\Console\\RouteListCommand->Illuminate\\Foundation\\Console\\{closure}()
#4 /var/www/html/laravel/bod/vendor/laravel/framework/src/Illuminate/Collections/Arr.php(558): array_map()
#5 /var/www/html/laravel/bod/vendor/laravel/framework/src/Illuminate/Collections/Collection.php(771): Illuminate\\Support\\Arr::map()
#6 /var/www/html/laravel/bod/vendor/laravel/framework/src/Illuminate/Foundation/Console/RouteListCommand.php(113): Illuminate\\Support\\Collection->map()
#7 /var/www/html/laravel/bod/vendor/laravel/framework/src/Illuminate/Foundation/Console/RouteListCommand.php(99): Illuminate\\Foundation\\Console\\RouteListCommand->getRoutes()
#8 /var/www/html/laravel/bod/vendor/laravel/framework/src/Illuminate/Container/BoundMethod.php(36): Illuminate\\Foundation\\Console\\RouteListCommand->handle()
#9 /var/www/html/laravel/bod/vendor/laravel/framework/src/Illuminate/Container/Util.php(41): Illuminate\\Container\\BoundMethod::Illuminate\\Container\\{closure}()
#10 /var/www/html/laravel/bod/vendor/laravel/framework/src/Illuminate/Container/BoundMethod.php(93): Illuminate\\Container\\Util::unwrapIfClosure()
#11 /var/www/html/laravel/bod/vendor/laravel/framework/src/Illuminate/Container/BoundMethod.php(35): Illuminate\\Container\\BoundMethod::callBoundMethod()
#12 /var/www/html/laravel/bod/vendor/laravel/framework/src/Illuminate/Container/Container.php(662): Illuminate\\Container\\BoundMethod::call()
#13 /var/www/html/laravel/bod/vendor/laravel/framework/src/Illuminate/Console/Command.php(208): Illuminate\\Container\\Container->call()
#14 /var/www/html/laravel/bod/vendor/symfony/console/Command/Command.php(326): Illuminate\\Console\\Command->execute()
#15 /var/www/html/laravel/bod/vendor/laravel/framework/src/Illuminate/Console/Command.php(177): Symfony\\Component\\Console\\Command\\Command->run()
#16 /var/www/html/laravel/bod/vendor/symfony/console/Application.php(1081): Illuminate\\Console\\Command->run()
#17 /var/www/html/laravel/bod/vendor/symfony/console/Application.php(320): Symfony\\Component\\Console\\Application->doRunCommand()
#18 /var/www/html/laravel/bod/vendor/symfony/console/Application.php(174): Symfony\\Component\\Console\\Application->doRun()
#19 /var/www/html/laravel/bod/vendor/laravel/framework/src/Illuminate/Foundation/Console/Kernel.php(200): Symfony\\Component\\Console\\Application->run()
#20 /var/www/html/laravel/bod/artisan(35): Illuminate\\Foundation\\Console\\Kernel->handle()
#21 {main}
"} 
[2024-05-14 13:15:42] local.ERROR: The "--columns" option does not exist. {"exception":"[object] (Symfony\\Component\\Console\\Exception\\RuntimeException(code: 0): The \"--columns\" option does not exist. at /var/www/html/laravel/bod/vendor/symfony/console/Input/ArgvInput.php:223)
[stacktrace]
#0 /var/www/html/laravel/bod/vendor/symfony/console/Input/ArgvInput.php(150): Symfony\\Component\\Console\\Input\\ArgvInput->addLongOption()
#1 /var/www/html/laravel/bod/vendor/symfony/console/Input/ArgvInput.php(85): Symfony\\Component\\Console\\Input\\ArgvInput->parseLongOption()
#2 /var/www/html/laravel/bod/vendor/symfony/console/Input/ArgvInput.php(74): Symfony\\Component\\Console\\Input\\ArgvInput->parseToken()
#3 /var/www/html/laravel/bod/vendor/symfony/console/Input/Input.php(55): Symfony\\Component\\Console\\Input\\ArgvInput->parse()
#4 /var/www/html/laravel/bod/vendor/symfony/console/Command/Command.php(285): Symfony\\Component\\Console\\Input\\Input->bind()
#5 /var/www/html/laravel/bod/vendor/laravel/framework/src/Illuminate/Console/Command.php(177): Symfony\\Component\\Console\\Command\\Command->run()
#6 /var/www/html/laravel/bod/vendor/symfony/console/Application.php(1081): Illuminate\\Console\\Command->run()
#7 /var/www/html/laravel/bod/vendor/symfony/console/Application.php(320): Symfony\\Component\\Console\\Application->doRunCommand()
#8 /var/www/html/laravel/bod/vendor/symfony/console/Application.php(174): Symfony\\Component\\Console\\Application->doRun()
#9 /var/www/html/laravel/bod/vendor/laravel/framework/src/Illuminate/Foundation/Console/Kernel.php(200): Symfony\\Component\\Console\\Application->run()
#10 /var/www/html/laravel/bod/artisan(35): Illuminate\\Foundation\\Console\\Kernel->handle()
#11 {main}
"} 
[2024-05-14 13:15:49] local.ERROR: The "--columns" option does not exist. {"exception":"[object] (Symfony\\Component\\Console\\Exception\\RuntimeException(code: 0): The \"--columns\" option does not exist. at /var/www/html/laravel/bod/vendor/symfony/console/Input/ArgvInput.php:223)
[stacktrace]
#0 /var/www/html/laravel/bod/vendor/symfony/console/Input/ArgvInput.php(150): Symfony\\Component\\Console\\Input\\ArgvInput->addLongOption()
#1 /var/www/html/laravel/bod/vendor/symfony/console/Input/ArgvInput.php(85): Symfony\\Component\\Console\\Input\\ArgvInput->parseLongOption()
#2 /var/www/html/laravel/bod/vendor/symfony/console/Input/ArgvInput.php(74): Symfony\\Component\\Console\\Input\\ArgvInput->parseToken()
#3 /var/www/html/laravel/bod/vendor/symfony/console/Input/Input.php(55): Symfony\\Component\\Console\\Input\\ArgvInput->parse()
#4 /var/www/html/laravel/bod/vendor/symfony/console/Command/Command.php(285): Symfony\\Component\\Console\\Input\\Input->bind()
#5 /var/www/html/laravel/bod/vendor/laravel/framework/src/Illuminate/Console/Command.php(177): Symfony\\Component\\Console\\Command\\Command->run()
#6 /var/www/html/laravel/bod/vendor/symfony/console/Application.php(1081): Illuminate\\Console\\Command->run()
#7 /var/www/html/laravel/bod/vendor/symfony/console/Application.php(320): Symfony\\Component\\Console\\Application->doRunCommand()
#8 /var/www/html/laravel/bod/vendor/symfony/console/Application.php(174): Symfony\\Component\\Console\\Application->doRun()
#9 /var/www/html/laravel/bod/vendor/laravel/framework/src/Illuminate/Foundation/Console/Kernel.php(200): Symfony\\Component\\Console\\Application->run()
#10 /var/www/html/laravel/bod/artisan(35): Illuminate\\Foundation\\Console\\Kernel->handle()
#11 {main}
"} 
[2024-05-14 13:15:52] local.ERROR: The "--columns" option does not exist. {"exception":"[object] (Symfony\\Component\\Console\\Exception\\RuntimeException(code: 0): The \"--columns\" option does not exist. at /var/www/html/laravel/bod/vendor/symfony/console/Input/ArgvInput.php:223)
[stacktrace]
#0 /var/www/html/laravel/bod/vendor/symfony/console/Input/ArgvInput.php(150): Symfony\\Component\\Console\\Input\\ArgvInput->addLongOption()
#1 /var/www/html/laravel/bod/vendor/symfony/console/Input/ArgvInput.php(85): Symfony\\Component\\Console\\Input\\ArgvInput->parseLongOption()
#2 /var/www/html/laravel/bod/vendor/symfony/console/Input/ArgvInput.php(74): Symfony\\Component\\Console\\Input\\ArgvInput->parseToken()
#3 /var/www/html/laravel/bod/vendor/symfony/console/Input/Input.php(55): Symfony\\Component\\Console\\Input\\ArgvInput->parse()
#4 /var/www/html/laravel/bod/vendor/symfony/console/Command/Command.php(285): Symfony\\Component\\Console\\Input\\Input->bind()
#5 /var/www/html/laravel/bod/vendor/laravel/framework/src/Illuminate/Console/Command.php(177): Symfony\\Component\\Console\\Command\\Command->run()
#6 /var/www/html/laravel/bod/vendor/symfony/console/Application.php(1081): Illuminate\\Console\\Command->run()
#7 /var/www/html/laravel/bod/vendor/symfony/console/Application.php(320): Symfony\\Component\\Console\\Application->doRunCommand()
#8 /var/www/html/laravel/bod/vendor/symfony/console/Application.php(174): Symfony\\Component\\Console\\Application->doRun()
#9 /var/www/html/laravel/bod/vendor/laravel/framework/src/Illuminate/Foundation/Console/Kernel.php(200): Symfony\\Component\\Console\\Application->run()
#10 /var/www/html/laravel/bod/artisan(35): Illuminate\\Foundation\\Console\\Kernel->handle()
#11 {main}
"} 
